[INFO  - 2019-09-13T08:16:15.538Z] GhostDriver - Main - running on port 5056
[INFO  - 2019-09-13T08:16:19.492Z] Session [c3cbbeb0-d5fe-11e9-a861-f1d1b84e9788] - page.settings - {"XSSAuditingEnabled":false,"javascriptCanCloseWindows":true,"javascriptCanOpenWindows":true,"javascriptEnabled":true,"loadImages":true,"localToRemoteUrlAccessEnabled":false,"userAgent":"Mozilla/5.0 (Windows NT 6.2; WOW64) AppleWebKit/538.1 (KHTML, like Gecko) PhantomJS/2.1.1 Safari/538.1","webSecurityEnabled":true}
[INFO  - 2019-09-13T08:16:19.492Z] Session [c3cbbeb0-d5fe-11e9-a861-f1d1b84e9788] - page.customHeaders:  - {}
[INFO  - 2019-09-13T08:16:19.492Z] Session [c3cbbeb0-d5fe-11e9-a861-f1d1b84e9788] - Session.negotiatedCapabilities - {"browserName":"phantomjs","version":"2.1.1","driverName":"ghostdriver","driverVersion":"1.2.0","platform":"windows-10-32bit","javascriptEnabled":true,"takesScreenshot":true,"handlesAlerts":false,"databaseEnabled":false,"locationContextEnabled":false,"applicationCacheEnabled":false,"browserConnectionEnabled":false,"cssSelectorsEnabled":true,"webStorageEnabled":false,"rotatable":false,"acceptSslCerts":false,"nativeEvents":true,"proxy":{"proxyType":"direct"}}
[INFO  - 2019-09-13T08:16:19.493Z] SessionManagerReqHand - _postNewSessionCommand - New Session Created: c3cbbeb0-d5fe-11e9-a861-f1d1b84e9788
[ERROR - 2019-09-13T08:16:20.659Z] Session [c3cbbeb0-d5fe-11e9-a861-f1d1b84e9788] - page.onError - msg: TypeError: undefined is not a constructor (evaluating 'links.append(span)')

  phantomjs://platform/console++.js:263 in error
[ERROR - 2019-09-13T08:16:20.660Z] Session [c3cbbeb0-d5fe-11e9-a861-f1d1b84e9788] - page.onError - stack:
  global code (https://music.163.com/artist/album?id=101988&limit=120&offset=0:3194)

  phantomjs://platform/console++.js:263 in error
[ERROR - 2019-09-13T08:16:21.252Z] Session [c3cbbeb0-d5fe-11e9-a861-f1d1b84e9788] - page.onError - msg: ReferenceError: Can't find variable: Set

  phantomjs://platform/console++.js:263 in error
[ERROR - 2019-09-13T08:16:21.253Z] Session [c3cbbeb0-d5fe-11e9-a861-f1d1b84e9788] - page.onError - stack:
  (anonymous function) (https://s5.music.126.net/static_public/5c51482cf8a93b7fc8cf42cb/0.6.0-beta1/vipcashier.umd.js:32)
  t (https://s5.music.126.net/static_public/5c51482cf8a93b7fc8cf42cb/0.6.0-beta1/vipcashier.umd.js:1)
  (anonymous function) (https://s5.music.126.net/static_public/5c51482cf8a93b7fc8cf42cb/0.6.0-beta1/vipcashier.umd.js:1)
  t (https://s5.music.126.net/static_public/5c51482cf8a93b7fc8cf42cb/0.6.0-beta1/vipcashier.umd.js:1)
  (anonymous function) (https://s5.music.126.net/static_public/5c51482cf8a93b7fc8cf42cb/0.6.0-beta1/vipcashier.umd.js:16)
  t (https://s5.music.126.net/static_public/5c51482cf8a93b7fc8cf42cb/0.6.0-beta1/vipcashier.umd.js:1)
  (anonymous function) (https://s5.music.126.net/static_public/5c51482cf8a93b7fc8cf42cb/0.6.0-beta1/vipcashier.umd.js:1)
  (anonymous function) (https://s5.music.126.net/static_public/5c51482cf8a93b7fc8cf42cb/0.6.0-beta1/vipcashier.umd.js:1)
  (anonymous function) (https://s5.music.126.net/static_public/5c51482cf8a93b7fc8cf42cb/0.6.0-beta1/vipcashier.umd.js:1)

  phantomjs://platform/console++.js:263 in error
[ERROR - 2019-09-13T08:16:21.308Z] Session [c3cbbeb0-d5fe-11e9-a861-f1d1b84e9788] - page.onError - msg: ReferenceError: Can't find variable: Set

  phantomjs://platform/console++.js:263 in error
[ERROR - 2019-09-13T08:16:21.309Z] Session [c3cbbeb0-d5fe-11e9-a861-f1d1b84e9788] - page.onError - stack:
  (anonymous function) (https://s5.music.126.net/static_public/5c51482cf8a93b7fc8cf42cb/0.6.0-beta1/vipcashier.umd.js:32)
  t (https://s5.music.126.net/static_public/5c51482cf8a93b7fc8cf42cb/0.6.0-beta1/vipcashier.umd.js:1)
  (anonymous function) (https://s5.music.126.net/static_public/5c51482cf8a93b7fc8cf42cb/0.6.0-beta1/vipcashier.umd.js:1)
  t (https://s5.music.126.net/static_public/5c51482cf8a93b7fc8cf42cb/0.6.0-beta1/vipcashier.umd.js:1)
  (anonymous function) (https://s5.music.126.net/static_public/5c51482cf8a93b7fc8cf42cb/0.6.0-beta1/vipcashier.umd.js:16)
  t (https://s5.music.126.net/static_public/5c51482cf8a93b7fc8cf42cb/0.6.0-beta1/vipcashier.umd.js:1)
  (anonymous function) (https://s5.music.126.net/static_public/5c51482cf8a93b7fc8cf42cb/0.6.0-beta1/vipcashier.umd.js:1)
  (anonymous function) (https://s5.music.126.net/static_public/5c51482cf8a93b7fc8cf42cb/0.6.0-beta1/vipcashier.umd.js:1)
  (anonymous function) (https://s5.music.126.net/static_public/5c51482cf8a93b7fc8cf42cb/0.6.0-beta1/vipcashier.umd.js:1)

  phantomjs://platform/console++.js:263 in error
